<?xml version="1.0" encoding="UTF-8"?>
<!-- Generated by org.testng.reporters.JUnitReportReporter -->
<testsuite skipped="0" hostname="Pradeep-PC" name="com.testRunners.TestRunner" tests="1" failures="0" timestamp="14 Dec 2020 15:23:35 GMT" time="19.918" errors="0">
  <testcase name="runScenario" time="19.918" classname="com.testRunners.TestRunner"/>
</testsuite> <!-- com.testRunners.TestRunner -->
