<?xml version="1.0" encoding="UTF-8"?>
<!-- Generated by org.testng.reporters.JUnitReportReporter -->
<testsuite skipped="0" hostname="Pradeep-PC" name="com.testRunners.TestRunner" tests="2" failures="0" timestamp="12 Dec 2020 03:18:11 GMT" time="24.214" errors="0">
  <testcase name="runScenario" time="9.386" classname="com.testRunners.TestRunner"/>
  <testcase name="runScenario" time="14.828" classname="com.testRunners.TestRunner"/>
</testsuite> <!-- com.testRunners.TestRunner -->
