<?xml version="1.0" encoding="UTF-8"?>
<!-- Generated by org.testng.reporters.JUnitReportReporter -->
<testsuite skipped="0" hostname="Pradeep-PC" name="com.testRunners.TestRunner" tests="2" failures="0" timestamp="16 Dec 2020 16:39:26 GMT" time="25.940" errors="0">
  <testcase name="runScenario" time="11.351" classname="com.testRunners.TestRunner"/>
  <testcase name="runScenario" time="14.589" classname="com.testRunners.TestRunner"/>
</testsuite> <!-- com.testRunners.TestRunner -->
